#
# There is insufficient memory for the Java Runtime Environment to continue.
# Native memory allocation (malloc) failed to allocate 32744 bytes for ChunkPool::allocate
# Possible reasons:
#   The system is out of physical RAM or swap space
#   The process is running with CompressedOops enabled, and the Java Heap may be blocking the growth of the native heap
# Possible solutions:
#   Reduce memory load on the system
#   Increase physical memory or swap space
#   Check if swap backing store is full
#   Decrease Java heap size (-Xmx/-Xms)
#   Decrease number of Java threads
#   Decrease Java thread stack sizes (-Xss)
#   Set larger code cache with -XX:ReservedCodeCacheSize=
#   JVM is running with Unscaled Compressed Oops mode in which the Java heap is
#     placed in the first 4GB address space. The Java Heap base address is the
#     maximum limit for the native heap growth. Please use -XX:HeapBaseMinAddress
#     to set the Java Heap base and to place the Java Heap above 4GB virtual address.
# This output file may be truncated or incomplete.
#
#  Out of Memory Error (arena.cpp:78), pid=5732, tid=5444
#
# JRE version: OpenJDK Runtime Environment (17.0.6) (build 17.0.6+0-b2043.56-9586694)
# Java VM: OpenJDK 64-Bit Server VM (17.0.6+0-b2043.56-9586694, mixed mode, tiered, compressed oops, compressed class ptrs, g1 gc, windows-amd64)
# No core dump will be written. Minidumps are not enabled by default on client versions of Windows
#

---------------  S U M M A R Y ------------

Command Line: --add-opens=java.base/java.util=ALL-UNNAMED --add-opens=java.base/java.lang=ALL-UNNAMED --add-opens=java.base/java.lang.invoke=ALL-UNNAMED --add-opens=java.base/java.util=ALL-UNNAMED --add-opens=java.prefs/java.util.prefs=ALL-UNNAMED --add-opens=java.prefs/java.util.prefs=ALL-UNNAMED --add-opens=java.base/java.nio.charset=ALL-UNNAMED --add-opens=java.base/java.net=ALL-UNNAMED --add-opens=java.base/java.util.concurrent.atomic=ALL-UNNAMED -Xms128m -Xmx1500m -Dfile.encoding=windows-1252 -Duser.country=US -Duser.language=en -Duser.variant org.gradle.launcher.daemon.bootstrap.GradleDaemon 7.5.1

Host: Intel(R) Core(TM) i7-6600U CPU @ 2.60GHz, 4 cores, 15G,  Windows 10 , 64 bit Build 19041 (10.0.19041.2913)
Time: Wed May 10 07:36:53 2023 SE Asia Standard Time elapsed time: 321.114152 seconds (0d 0h 5m 21s)

---------------  T H R E A D  ---------------

Current thread (0x000001aace90d500):  JavaThread "C2 CompilerThread0" daemon [_thread_in_native, id=5444, stack(0x000000a99e300000,0x000000a99e400000)]


Current CompileTask:
C2: 321118 9444       4       java.util.stream.ReferencePipeline$3::opWrapSink (10 bytes)

Stack: [0x000000a99e300000,0x000000a99e400000]
Native frames: (J=compiled Java code, j=interpreted, Vv=VM code, C=native code)
V  [jvm.dll+0x683b4a]
V  [jvm.dll+0x842654]
V  [jvm.dll+0x843dfe]
V  [jvm.dll+0x844463]
V  [jvm.dll+0x249b75]
V  [jvm.dll+0xabecc]
V  [jvm.dll+0xac27c]
V  [jvm.dll+0xabdbb]
V  [jvm.dll+0x661ea9]
V  [jvm.dll+0x1aa6a0]
V  [jvm.dll+0x23d9a3]
V  [jvm.dll+0x6aac72]
V  [jvm.dll+0x6aa746]
V  [jvm.dll+0x623aa9]
V  [jvm.dll+0x692192]
V  [jvm.dll+0x696273]
V  [jvm.dll+0x69ba68]
V  [jvm.dll+0x693f0b]
V  [jvm.dll+0x693547]
V  [jvm.dll+0x691442]
V  [jvm.dll+0x1a81fc]
V  [jvm.dll+0x2b0104]
V  [jvm.dll+0x69bf45]
V  [jvm.dll+0x693f0b]
V  [jvm.dll+0x693547]
V  [jvm.dll+0x691442]
V  [jvm.dll+0x1a81fc]
V  [jvm.dll+0x2b0104]
V  [jvm.dll+0x69bf45]
V  [jvm.dll+0x693f0b]
V  [jvm.dll+0x693547]
V  [jvm.dll+0x691442]
V  [jvm.dll+0x1a81fc]
V  [jvm.dll+0x2b0104]
V  [jvm.dll+0x69bf45]
V  [jvm.dll+0x693f0b]
V  [jvm.dll+0x693547]
V  [jvm.dll+0x691442]
V  [jvm.dll+0x1a81fc]
V  [jvm.dll+0x21b1e8]
V  [jvm.dll+0x1a4fdd]
V  [jvm.dll+0x22b098]
V  [jvm.dll+0x229159]
V  [jvm.dll+0x7f809c]
V  [jvm.dll+0x7f25fa]
V  [jvm.dll+0x682985]
C  [ucrtbase.dll+0x21bb2]
C  [KERNEL32.DLL+0x17614]
C  [ntdll.dll+0x526a1]


---------------  P R O C E S S  ---------------

Threads class SMR info:
_java_thread_list=0x000001aad713a480, length=88, elements={
0x000001aab5dab470, 0x000001aacdf1fbc0, 0x000001aacdf210e0, 0x000001aacdf679b0,
0x000001aacdf68270, 0x000001aacdf694e0, 0x000001aace90a270, 0x000001aace90d500,
0x000001aace90ea60, 0x000001aace926030, 0x000001aace90a740, 0x000001aace9098d0,
0x000001aace90b0e0, 0x000001aace90ba80, 0x000001aace908590, 0x000001aace9080c0,
0x000001aace908a60, 0x000001aace908f30, 0x000001aace909400, 0x000001aad0355260,
0x000001aad03590f0, 0x000001aad0357db0, 0x000001aad0355730, 0x000001aad0357410,
0x000001aad0359f60, 0x000001aad0353580, 0x000001aad0355c00, 0x000001aad0358280,
0x000001aad0359a90, 0x000001aad03530b0, 0x000001aad0358750, 0x000001aad03565a0,
0x000001aad0353f20, 0x000001aad0358c20, 0x000001aad03548c0, 0x000001aad03578e0,
0x000001aad0356a70, 0x000001aad03595c0, 0x000001aad39c1e20, 0x000001aad39bf7a0,
0x000001aad39c22f0, 0x000001aad39c1950, 0x000001aad39c27c0, 0x000001aad39c0ae0,
0x000001aad39c0140, 0x000001aad39bf2d0, 0x000001aad39bee00, 0x000001aad39c0fb0,
0x000001aad39c0610, 0x000001aad39c1480, 0x000001aad70aa540, 0x000001aad70ae3d0,
0x000001aad70adf00, 0x000001aad70ae8a0, 0x000001aad70ab880, 0x000001aad70aaee0,
0x000001aad70aaa10, 0x000001aad70a7ec0, 0x000001aad70aa070, 0x000001aad70ad560,
0x000001aad70ad090, 0x000001aad70ab3b0, 0x000001aad70aed70, 0x000001aad70a8860,
0x000001aad70a8390, 0x000001aad70ac220, 0x000001aad70a8d30, 0x000001aad70af240,
0x000001aad70abd50, 0x000001aad70af710, 0x000001aad70ada30, 0x000001aad70a9200,
0x000001aad70ac6f0, 0x000001aad70a96d0, 0x000001aad70acbc0, 0x000001aad70a9ba0,
0x000001aad38cc3c0, 0x000001aad38c8060, 0x000001aad38ce570, 0x000001aad38cd230,
0x000001aad38c8a00, 0x000001aad38cf3e0, 0x000001aad38cea40, 0x000001aad38ca6e0,
0x000001aad38cf8b0, 0x000001aad38c8530, 0x000001aad38c93a0, 0x000001aad38cabb0
}

Java Threads: ( => current thread )
  0x000001aab5dab470 JavaThread "main" [_thread_blocked, id=6064, stack(0x000000a99d600000,0x000000a99d700000)]
  0x000001aacdf1fbc0 JavaThread "Reference Handler" daemon [_thread_blocked, id=2368, stack(0x000000a99dd00000,0x000000a99de00000)]
  0x000001aacdf210e0 JavaThread "Finalizer" daemon [_thread_blocked, id=11228, stack(0x000000a99de00000,0x000000a99df00000)]
  0x000001aacdf679b0 JavaThread "Signal Dispatcher" daemon [_thread_blocked, id=1172, stack(0x000000a99df00000,0x000000a99e000000)]
  0x000001aacdf68270 JavaThread "Attach Listener" daemon [_thread_blocked, id=12020, stack(0x000000a99e000000,0x000000a99e100000)]
  0x000001aacdf694e0 JavaThread "Service Thread" daemon [_thread_blocked, id=9684, stack(0x000000a99e100000,0x000000a99e200000)]
  0x000001aace90a270 JavaThread "Monitor Deflation Thread" daemon [_thread_blocked, id=8396, stack(0x000000a99e200000,0x000000a99e300000)]
=>0x000001aace90d500 JavaThread "C2 CompilerThread0" daemon [_thread_in_native, id=5444, stack(0x000000a99e300000,0x000000a99e400000)]
  0x000001aace90ea60 JavaThread "C1 CompilerThread0" daemon [_thread_blocked, id=11252, stack(0x000000a99e400000,0x000000a99e500000)]
  0x000001aace926030 JavaThread "Sweeper thread" daemon [_thread_blocked, id=12576, stack(0x000000a99e500000,0x000000a99e600000)]
  0x000001aace90a740 JavaThread "Common-Cleaner" daemon [_thread_blocked, id=4396, stack(0x000000a99e600000,0x000000a99e700000)]
  0x000001aace9098d0 JavaThread "Notification Thread" daemon [_thread_blocked, id=3600, stack(0x000000a99e700000,0x000000a99e800000)]
  0x000001aace90b0e0 JavaThread "Daemon health stats" [_thread_blocked, id=11976, stack(0x000000a99ed00000,0x000000a99ee00000)]
  0x000001aace90ba80 JavaThread "Incoming local TCP Connector on port 55351" [_thread_in_native, id=6944, stack(0x000000a99ee00000,0x000000a99ef00000)]
  0x000001aace908590 JavaThread "Daemon periodic checks" [_thread_blocked, id=9828, stack(0x000000a99ef00000,0x000000a99f000000)]
  0x000001aace9080c0 JavaThread "Daemon" [_thread_blocked, id=12728, stack(0x000000a99f000000,0x000000a99f100000)]
  0x000001aace908a60 JavaThread "Handler for socket connection from /127.0.0.1:55351 to /127.0.0.1:55352" [_thread_in_native, id=6120, stack(0x000000a99f100000,0x000000a99f200000)]
  0x000001aace908f30 JavaThread "Cancel handler" [_thread_blocked, id=5892, stack(0x000000a99f200000,0x000000a99f300000)]
  0x000001aace909400 JavaThread "Daemon worker" [_thread_blocked, id=12192, stack(0x000000a99f300000,0x000000a99f400000)]
  0x000001aad0355260 JavaThread "Asynchronous log dispatcher for DefaultDaemonConnection: socket connection from /127.0.0.1:55351 to /127.0.0.1:55352" [_thread_blocked, id=256, stack(0x000000a99f400000,0x000000a99f500000)]
  0x000001aad03590f0 JavaThread "Daemon client event forwarder" [_thread_blocked, id=7556, stack(0x000000a99f600000,0x000000a99f700000)]
  0x000001aad0357db0 JavaThread "Cache worker for journal cache (D:\WeatherAppMVP\caches\journal-1)" [_thread_blocked, id=9144, stack(0x000000a99f700000,0x000000a99f800000)]
  0x000001aad0355730 JavaThread "File lock request listener" [_thread_in_native, id=10976, stack(0x000000a99f800000,0x000000a99f900000)]
  0x000001aad0357410 JavaThread "Cache worker for file hash cache (D:\WeatherAppMVP\caches\7.5.1\fileHashes)" [_thread_blocked, id=12696, stack(0x000000a99e900000,0x000000a99ea00000)]
  0x000001aad0359f60 JavaThread "File watcher server" daemon [_thread_in_native, id=7808, stack(0x000000a99fa00000,0x000000a99fb00000)]
  0x000001aad0353580 JavaThread "File watcher consumer" daemon [_thread_blocked, id=1524, stack(0x000000a99fb00000,0x000000a99fc00000)]
  0x000001aad0355c00 JavaThread "Cache worker for checksums cache (D:\gdx-sneaky-snake-game\.gradle\7.5.1\checksums)" [_thread_blocked, id=2340, stack(0x000000a99fc00000,0x000000a99fd00000)]
  0x000001aad0358280 JavaThread "Cache worker for cache directory md-rule (D:\WeatherAppMVP\caches\7.5.1\md-rule)" [_thread_blocked, id=11932, stack(0x000000a99fd00000,0x000000a99fe00000)]
  0x000001aad0359a90 JavaThread "Cache worker for file content cache (D:\WeatherAppMVP\caches\7.5.1\fileContent)" [_thread_blocked, id=9820, stack(0x000000a99fe00000,0x000000a99ff00000)]
  0x000001aad03530b0 JavaThread "Cache worker for file hash cache (D:\gdx-sneaky-snake-game\.gradle\7.5.1\fileHashes)" [_thread_blocked, id=5604, stack(0x000000a9a0100000,0x000000a9a0200000)]
  0x000001aad0358750 JavaThread "Cache worker for cache directory md-supplier (D:\WeatherAppMVP\caches\7.5.1\md-supplier)" [_thread_blocked, id=956, stack(0x000000a9a0200000,0x000000a9a0300000)]
  0x000001aad03565a0 JavaThread "Cache worker for execution history cache (D:\WeatherAppMVP\caches\7.5.1\executionHistory)" [_thread_blocked, id=6036, stack(0x000000a9a0300000,0x000000a9a0400000)]
  0x000001aad0353f20 JavaThread "jar transforms" [_thread_blocked, id=3164, stack(0x000000a9a0400000,0x000000a9a0500000)]
  0x000001aad0358c20 JavaThread "jar transforms Thread 2" [_thread_blocked, id=10820, stack(0x000000a9a0500000,0x000000a9a0600000)]
  0x000001aad03548c0 JavaThread "jar transforms Thread 3" [_thread_blocked, id=5816, stack(0x000000a9a0600000,0x000000a9a0700000)]
  0x000001aad03578e0 JavaThread "jar transforms Thread 4" [_thread_blocked, id=10588, stack(0x000000a9a0700000,0x000000a9a0800000)]
  0x000001aad0356a70 JavaThread "Cache worker for dependencies-accessors (D:\gdx-sneaky-snake-game\.gradle\7.5.1\dependencies-accessors)" [_thread_blocked, id=3768, stack(0x000000a9a0800000,0x000000a9a0900000)]
  0x000001aad03595c0 JavaThread "Cache worker for Build Output Cleanup Cache (D:\gdx-sneaky-snake-game\.gradle\buildOutputCleanup)" [_thread_blocked, id=7812, stack(0x000000a9a0900000,0x000000a9a0a00000)]
  0x000001aad39c1e20 JavaThread "Unconstrained build operations" [_thread_blocked, id=6912, stack(0x000000a9a0a00000,0x000000a9a0b00000)]
  0x000001aad39bf7a0 JavaThread "Unconstrained build operations Thread 2" [_thread_blocked, id=9332, stack(0x000000a9a0b00000,0x000000a9a0c00000)]
  0x000001aad39c22f0 JavaThread "Unconstrained build operations Thread 3" [_thread_blocked, id=6872, stack(0x000000a9a0c00000,0x000000a9a0d00000)]
  0x000001aad39c1950 JavaThread "Unconstrained build operations Thread 4" [_thread_blocked, id=11872, stack(0x000000a9a0d00000,0x000000a9a0e00000)]
  0x000001aad39c27c0 JavaThread "Unconstrained build operations Thread 5" [_thread_blocked, id=1920, stack(0x000000a9a0e00000,0x000000a9a0f00000)]
  0x000001aad39c0ae0 JavaThread "Unconstrained build operations Thread 6" [_thread_blocked, id=13308, stack(0x000000a9a0f00000,0x000000a9a1000000)]
  0x000001aad39c0140 JavaThread "Unconstrained build operations Thread 7" [_thread_blocked, id=8732, stack(0x000000a9a1000000,0x000000a9a1100000)]
  0x000001aad39bf2d0 JavaThread "Unconstrained build operations Thread 8" [_thread_blocked, id=6420, stack(0x000000a9a1100000,0x000000a9a1200000)]
  0x000001aad39bee00 JavaThread "Unconstrained build operations Thread 9" [_thread_blocked, id=13196, stack(0x000000a9a1200000,0x000000a9a1300000)]
  0x000001aad39c0fb0 JavaThread "Unconstrained build operations Thread 10" [_thread_blocked, id=9024, stack(0x000000a9a1300000,0x000000a9a1400000)]
  0x000001aad39c0610 JavaThread "Unconstrained build operations Thread 11" [_thread_blocked, id=11512, stack(0x000000a9a1400000,0x000000a9a1500000)]
  0x000001aad39c1480 JavaThread "Unconstrained build operations Thread 12" [_thread_blocked, id=1232, stack(0x000000a9a1500000,0x000000a9a1600000)]
  0x000001aad70aa540 JavaThread "Unconstrained build operations Thread 13" [_thread_blocked, id=11916, stack(0x000000a9a1600000,0x000000a9a1700000)]
  0x000001aad70ae3d0 JavaThread "Unconstrained build operations Thread 14" [_thread_blocked, id=3036, stack(0x000000a9a1700000,0x000000a9a1800000)]
  0x000001aad70adf00 JavaThread "Unconstrained build operations Thread 15" [_thread_blocked, id=6216, stack(0x000000a9a1800000,0x000000a9a1900000)]
  0x000001aad70ae8a0 JavaThread "Unconstrained build operations Thread 16" [_thread_blocked, id=11032, stack(0x000000a9a1900000,0x000000a9a1a00000)]
  0x000001aad70ab880 JavaThread "Unconstrained build operations Thread 17" [_thread_blocked, id=2716, stack(0x000000a9a1a00000,0x000000a9a1b00000)]
  0x000001aad70aaee0 JavaThread "Unconstrained build operations Thread 18" [_thread_blocked, id=11980, stack(0x000000a9a1b00000,0x000000a9a1c00000)]
  0x000001aad70aaa10 JavaThread "Unconstrained build operations Thread 19" [_thread_blocked, id=7028, stack(0x000000a9a1c00000,0x000000a9a1d00000)]
  0x000001aad70a7ec0 JavaThread "Unconstrained build operations Thread 20" [_thread_blocked, id=2992, stack(0x000000a9a1d00000,0x000000a9a1e00000)]
  0x000001aad70aa070 JavaThread "Unconstrained build operations Thread 21" [_thread_blocked, id=11072, stack(0x000000a9a1e00000,0x000000a9a1f00000)]
  0x000001aad70ad560 JavaThread "Unconstrained build operations Thread 22" [_thread_blocked, id=6536, stack(0x000000a9a1f00000,0x000000a9a2000000)]
  0x000001aad70ad090 JavaThread "Unconstrained build operations Thread 23" [_thread_blocked, id=10892, stack(0x000000a9a2000000,0x000000a9a2100000)]
  0x000001aad70ab3b0 JavaThread "Unconstrained build operations Thread 24" [_thread_blocked, id=2320, stack(0x000000a9a2100000,0x000000a9a2200000)]
  0x000001aad70aed70 JavaThread "Unconstrained build operations Thread 25" [_thread_blocked, id=11484, stack(0x000000a9a2200000,0x000000a9a2300000)]
  0x000001aad70a8860 JavaThread "Unconstrained build operations Thread 26" [_thread_blocked, id=9744, stack(0x000000a9a2300000,0x000000a9a2400000)]
  0x000001aad70a8390 JavaThread "Unconstrained build operations Thread 27" [_thread_blocked, id=12372, stack(0x000000a9a2400000,0x000000a9a2500000)]
  0x000001aad70ac220 JavaThread "Unconstrained build operations Thread 28" [_thread_blocked, id=5820, stack(0x000000a9a2500000,0x000000a9a2600000)]
  0x000001aad70a8d30 JavaThread "Unconstrained build operations Thread 29" [_thread_blocked, id=8224, stack(0x000000a9a2600000,0x000000a9a2700000)]
  0x000001aad70af240 JavaThread "Unconstrained build operations Thread 30" [_thread_blocked, id=3028, stack(0x000000a9a2700000,0x000000a9a2800000)]
  0x000001aad70abd50 JavaThread "Unconstrained build operations Thread 31" [_thread_blocked, id=11292, stack(0x000000a9a2800000,0x000000a9a2900000)]
  0x000001aad70af710 JavaThread "Unconstrained build operations Thread 32" [_thread_blocked, id=3736, stack(0x000000a9a2900000,0x000000a9a2a00000)]
  0x000001aad70ada30 JavaThread "Unconstrained build operations Thread 33" [_thread_blocked, id=12056, stack(0x000000a9a2a00000,0x000000a9a2b00000)]
  0x000001aad70a9200 JavaThread "Unconstrained build operations Thread 34" [_thread_blocked, id=12088, stack(0x000000a9a2b00000,0x000000a9a2c00000)]
  0x000001aad70ac6f0 JavaThread "Unconstrained build operations Thread 35" [_thread_blocked, id=1492, stack(0x000000a9a2c00000,0x000000a9a2d00000)]
  0x000001aad70a96d0 JavaThread "Unconstrained build operations Thread 36" [_thread_blocked, id=7976, stack(0x000000a9a2d00000,0x000000a9a2e00000)]
  0x000001aad70acbc0 JavaThread "Unconstrained build operations Thread 37" [_thread_blocked, id=832, stack(0x000000a9a2e00000,0x000000a9a2f00000)]
  0x000001aad70a9ba0 JavaThread "Unconstrained build operations Thread 38" [_thread_blocked, id=8112, stack(0x000000a9a2f00000,0x000000a9a3000000)]
  0x000001aad38cc3c0 JavaThread "Unconstrained build operations Thread 39" [_thread_blocked, id=12584, stack(0x000000a9a3000000,0x000000a9a3100000)]
  0x000001aad38c8060 JavaThread "Unconstrained build operations Thread 40" [_thread_blocked, id=10200, stack(0x000000a9a3100000,0x000000a9a3200000)]
  0x000001aad38ce570 JavaThread "Memory manager" [_thread_blocked, id=3816, stack(0x000000a9a3200000,0x000000a9a3300000)]
  0x000001aad38cd230 JavaThread "build event listener" [_thread_blocked, id=7780, stack(0x000000a9a3300000,0x000000a9a3400000)]
  0x000001aad38c8a00 JavaThread "included builds" [_thread_blocked, id=4160, stack(0x000000a9a3400000,0x000000a9a3500000)]
  0x000001aad38cf3e0 JavaThread "Execution worker" [_thread_blocked, id=6408, stack(0x000000a9a3500000,0x000000a9a3600000)]
  0x000001aad38cea40 JavaThread "Execution worker Thread 2" [_thread_blocked, id=11064, stack(0x000000a9a3600000,0x000000a9a3700000)]
  0x000001aad38ca6e0 JavaThread "Execution worker Thread 3" [_thread_blocked, id=12880, stack(0x000000a9a3700000,0x000000a9a3800000)]
  0x000001aad38cf8b0 JavaThread "Cache worker for execution history cache (D:\gdx-sneaky-snake-game\.gradle\7.5.1\executionHistory)" [_thread_blocked, id=5916, stack(0x000000a9a3800000,0x000000a9a3900000)]
  0x000001aad38c8530 JavaThread "Exec process" [_thread_in_native, id=1300, stack(0x000000a9a3900000,0x000000a9a3a00000)]
  0x000001aad38c93a0 JavaThread "Exec process Thread 3" [_thread_in_native, id=10944, stack(0x000000a9a3c00000,0x000000a9a3d00000)]
  0x000001aad38cabb0 JavaThread "Exec process Thread 4" [_thread_in_native, id=5164, stack(0x000000a9a3d00000,0x000000a9a3e00000)]

Other Threads:
  0x000001aacdf17700 VMThread "VM Thread" [stack: 0x000000a99dc00000,0x000000a99dd00000] [id=1196]
  0x000001aab5e0cb10 WatcherThread [stack: 0x000000a99e800000,0x000000a99e900000] [id=6112]
  0x000001aab5df6df0 GCTaskThread "GC Thread#0" [stack: 0x000000a99d700000,0x000000a99d800000] [id=11604]
  0x000001aacf314f60 GCTaskThread "GC Thread#1" [stack: 0x000000a99ea00000,0x000000a99eb00000] [id=6260]
  0x000001aacedad640 GCTaskThread "GC Thread#2" [stack: 0x000000a99eb00000,0x000000a99ec00000] [id=2808]
  0x000001aacf729320 GCTaskThread "GC Thread#3" [stack: 0x000000a99ec00000,0x000000a99ed00000] [id=2488]
  0x000001aab5e037c0 ConcurrentGCThread "G1 Main Marker" [stack: 0x000000a99d800000,0x000000a99d900000] [id=11464]
  0x000001aab5e04880 ConcurrentGCThread "G1 Conc#0" [stack: 0x000000a99d900000,0x000000a99da00000] [id=1060]
  0x000001aab5e7b9d0 ConcurrentGCThread "G1 Refine#0" [stack: 0x000000a99da00000,0x000000a99db00000] [id=10660]
  0x000001aad15c2910 ConcurrentGCThread "G1 Refine#1" [stack: 0x000000a99ff00000,0x000000a9a0000000] [id=8916]
  0x000001aad15c2350 ConcurrentGCThread "G1 Refine#2" [stack: 0x000000a9a0000000,0x000000a9a0100000] [id=10204]
  0x000001aab5e7c300 ConcurrentGCThread "G1 Service" [stack: 0x000000a99db00000,0x000000a99dc00000] [id=9740]

Threads with active compile tasks:
C2 CompilerThread0   321551 9444       4       java.util.stream.ReferencePipeline$3::opWrapSink (10 bytes)

VM state: not at safepoint (normal execution)

VM Mutex/Monitor currently owned by a thread: None

Heap address: 0x00000000a2400000, size: 1500 MB, Compressed Oops mode: 32-bit

CDS archive(s) not mapped
Compressed class space mapped at: 0x0000000100000000-0x0000000140000000, reserved size: 1073741824
Narrow klass base: 0x0000000000000000, Narrow klass shift: 3, Narrow klass range: 0x140000000

GC Precious Log:
 CPUs: 4 total, 4 available
 Memory: 16275M
 Large Page Support: Disabled
 NUMA Support: Disabled
 Compressed Oops: Enabled (32-bit)
 Heap Region Size: 1M
 Heap Min Capacity: 128M
 Heap Initial Capacity: 128M
 Heap Max Capacity: 1500M
 Pre-touch: Disabled
 Parallel Workers: 4
 Concurrent Workers: 1
 Concurrent Refinement Workers: 4
 Periodic GC: Disabled

Heap:
 garbage-first heap   total 157696K, used 112970K [0x00000000a2400000, 0x0000000100000000)
  region size 1024K, 34 young (34816K), 7 survivors (7168K)
 Metaspace       used 84233K, committed 85056K, reserved 1130496K
  class space    used 11652K, committed 11968K, reserved 1048576K

Heap Regions: E=young(eden), S=young(survivor), O=old, HS=humongous(starts), HC=humongous(continues), CS=collection set, F=free, OA=open archive, CA=closed archive, TAMS=top-at-mark-start (previous, next)
|   0|0x00000000a2400000, 0x00000000a2500000, 0x00000000a2500000|100%|HS|  |TAMS 0x00000000a2500000, 0x00000000a2400000| Complete 
|   1|0x00000000a2500000, 0x00000000a2600000, 0x00000000a2600000|100%|HC|  |TAMS 0x00000000a2600000, 0x00000000a2500000| Complete 
|   2|0x00000000a2600000, 0x00000000a2700000, 0x00000000a2700000|100%|HC|  |TAMS 0x00000000a2700000, 0x00000000a2600000| Complete 
|   3|0x00000000a2700000, 0x00000000a2800000, 0x00000000a2800000|100%| O|  |TAMS 0x00000000a2800000, 0x00000000a2700000| Untracked 
|   4|0x00000000a2800000, 0x00000000a2900000, 0x00000000a2900000|100%| O|  |TAMS 0x00000000a2900000, 0x00000000a2800000| Untracked 
|   5|0x00000000a2900000, 0x00000000a2a00000, 0x00000000a2a00000|100%| O|  |TAMS 0x00000000a2a00000, 0x00000000a2900000| Untracked 
|   6|0x00000000a2a00000, 0x00000000a2b00000, 0x00000000a2b00000|100%| O|  |TAMS 0x00000000a2b00000, 0x00000000a2a00000| Untracked 
|   7|0x00000000a2b00000, 0x00000000a2c00000, 0x00000000a2c00000|100%| O|  |TAMS 0x00000000a2c00000, 0x00000000a2b00000| Untracked 
|   8|0x00000000a2c00000, 0x00000000a2d00000, 0x00000000a2d00000|100%| O|  |TAMS 0x00000000a2d00000, 0x00000000a2c00000| Untracked 
|   9|0x00000000a2d00000, 0x00000000a2e00000, 0x00000000a2e00000|100%| O|  |TAMS 0x00000000a2e00000, 0x00000000a2d00000| Untracked 
|  10|0x00000000a2e00000, 0x00000000a2f00000, 0x00000000a2f00000|100%| O|  |TAMS 0x00000000a2f00000, 0x00000000a2e00000| Untracked 
|  11|0x00000000a2f00000, 0x00000000a3000000, 0x00000000a3000000|100%| O|  |TAMS 0x00000000a3000000, 0x00000000a2f00000| Untracked 
|  12|0x00000000a3000000, 0x00000000a3100000, 0x00000000a3100000|100%| O|  |TAMS 0x00000000a3100000, 0x00000000a3000000| Untracked 
|  13|0x00000000a3100000, 0x00000000a3200000, 0x00000000a3200000|100%| O|  |TAMS 0x00000000a3200000, 0x00000000a3100000| Untracked 
|  14|0x00000000a3200000, 0x00000000a3300000, 0x00000000a3300000|100%| O|  |TAMS 0x00000000a3300000, 0x00000000a3200000| Untracked 
|  15|0x00000000a3300000, 0x00000000a3400000, 0x00000000a3400000|100%| O|  |TAMS 0x00000000a3400000, 0x00000000a3300000| Untracked 
|  16|0x00000000a3400000, 0x00000000a3500000, 0x00000000a3500000|100%| O|  |TAMS 0x00000000a3500000, 0x00000000a3400000| Untracked 
|  17|0x00000000a3500000, 0x00000000a3600000, 0x00000000a3600000|100%| O|  |TAMS 0x00000000a3600000, 0x00000000a3500000| Untracked 
|  18|0x00000000a3600000, 0x00000000a3700000, 0x00000000a3700000|100%| O|  |TAMS 0x00000000a3700000, 0x00000000a3600000| Untracked 
|  19|0x00000000a3700000, 0x00000000a3800000, 0x00000000a3800000|100%| O|  |TAMS 0x00000000a3800000, 0x00000000a3700000| Untracked 
|  20|0x00000000a3800000, 0x00000000a3900000, 0x00000000a3900000|100%| O|  |TAMS 0x00000000a3900000, 0x00000000a3800000| Untracked 
|  21|0x00000000a3900000, 0x00000000a3a00000, 0x00000000a3a00000|100%| O|  |TAMS 0x00000000a3a00000, 0x00000000a3900000| Untracked 
|  22|0x00000000a3a00000, 0x00000000a3b00000, 0x00000000a3b00000|100%| O|  |TAMS 0x00000000a3b00000, 0x00000000a3a00000| Untracked 
|  23|0x00000000a3b00000, 0x00000000a3c00000, 0x00000000a3c00000|100%| O|  |TAMS 0x00000000a3c00000, 0x00000000a3b00000| Untracked 
|  24|0x00000000a3c00000, 0x00000000a3d00000, 0x00000000a3d00000|100%| O|  |TAMS 0x00000000a3d00000, 0x00000000a3c00000| Untracked 
|  25|0x00000000a3d00000, 0x00000000a3e00000, 0x00000000a3e00000|100%| O|  |TAMS 0x00000000a3e00000, 0x00000000a3d00000| Untracked 
|  26|0x00000000a3e00000, 0x00000000a3f00000, 0x00000000a3f00000|100%| O|  |TAMS 0x00000000a3f00000, 0x00000000a3e00000| Untracked 
|  27|0x00000000a3f00000, 0x00000000a4000000, 0x00000000a4000000|100%| O|  |TAMS 0x00000000a4000000, 0x00000000a3f00000| Untracked 
|  28|0x00000000a4000000, 0x00000000a4100000, 0x00000000a4100000|100%| O|  |TAMS 0x00000000a4100000, 0x00000000a4000000| Untracked 
|  29|0x00000000a4100000, 0x00000000a4200000, 0x00000000a4200000|100%| O|  |TAMS 0x00000000a4200000, 0x00000000a4100000| Untracked 
|  30|0x00000000a4200000, 0x00000000a4300000, 0x00000000a4300000|100%|HS|  |TAMS 0x00000000a4300000, 0x00000000a4200000| Complete 
|  31|0x00000000a4300000, 0x00000000a4400000, 0x00000000a4400000|100%|HS|  |TAMS 0x00000000a4400000, 0x00000000a4300000| Complete 
|  32|0x00000000a4400000, 0x00000000a4500000, 0x00000000a4500000|100%|HS|  |TAMS 0x00000000a4500000, 0x00000000a4400000| Complete 
|  33|0x00000000a4500000, 0x00000000a4600000, 0x00000000a4600000|100%|HC|  |TAMS 0x00000000a4600000, 0x00000000a4500000| Complete 
|  34|0x00000000a4600000, 0x00000000a4700000, 0x00000000a4700000|100%| O|  |TAMS 0x00000000a4700000, 0x00000000a4600000| Untracked 
|  35|0x00000000a4700000, 0x00000000a4800000, 0x00000000a4800000|100%| O|  |TAMS 0x00000000a4800000, 0x00000000a4700000| Untracked 
|  36|0x00000000a4800000, 0x00000000a4900000, 0x00000000a4900000|100%| O|  |TAMS 0x00000000a4900000, 0x00000000a4800000| Untracked 
|  37|0x00000000a4900000, 0x00000000a4a00000, 0x00000000a4a00000|100%| O|  |TAMS 0x00000000a4a00000, 0x00000000a4900000| Untracked 
|  38|0x00000000a4a00000, 0x00000000a4b00000, 0x00000000a4b00000|100%| O|  |TAMS 0x00000000a4b00000, 0x00000000a4a00000| Untracked 
|  39|0x00000000a4b00000, 0x00000000a4c00000, 0x00000000a4c00000|100%| O|  |TAMS 0x00000000a4c00000, 0x00000000a4b00000| Untracked 
|  40|0x00000000a4c00000, 0x00000000a4d00000, 0x00000000a4d00000|100%| O|  |TAMS 0x00000000a4d00000, 0x00000000a4c00000| Untracked 
|  41|0x00000000a4d00000, 0x00000000a4e00000, 0x00000000a4e00000|100%| O|  |TAMS 0x00000000a4e00000, 0x00000000a4d00000| Untracked 
|  42|0x00000000a4e00000, 0x00000000a4f00000, 0x00000000a4f00000|100%| O|  |TAMS 0x00000000a4f00000, 0x00000000a4e00000| Untracked 
|  43|0x00000000a4f00000, 0x00000000a5000000, 0x00000000a5000000|100%| O|  |TAMS 0x00000000a5000000, 0x00000000a4f00000| Untracked 
|  44|0x00000000a5000000, 0x00000000a5100000, 0x00000000a5100000|100%| O|  |TAMS 0x00000000a5100000, 0x00000000a5000000| Untracked 
|  45|0x00000000a5100000, 0x00000000a5200000, 0x00000000a5200000|100%| O|  |TAMS 0x00000000a5200000, 0x00000000a5100000| Untracked 
|  46|0x00000000a5200000, 0x00000000a5300000, 0x00000000a5300000|100%| O|  |TAMS 0x00000000a5300000, 0x00000000a5200000| Untracked 
|  47|0x00000000a5300000, 0x00000000a5400000, 0x00000000a5400000|100%| O|  |TAMS 0x00000000a5400000, 0x00000000a5300000| Untracked 
|  48|0x00000000a5400000, 0x00000000a5500000, 0x00000000a5500000|100%| O|  |TAMS 0x00000000a5500000, 0x00000000a5400000| Untracked 
|  49|0x00000000a5500000, 0x00000000a5600000, 0x00000000a5600000|100%| O|  |TAMS 0x00000000a5600000, 0x00000000a5500000| Untracked 
|  50|0x00000000a5600000, 0x00000000a5700000, 0x00000000a5700000|100%| O|  |TAMS 0x00000000a5700000, 0x00000000a5600000| Untracked 
|  51|0x00000000a5700000, 0x00000000a5800000, 0x00000000a5800000|100%| O|  |TAMS 0x00000000a5800000, 0x00000000a5700000| Untracked 
|  52|0x00000000a5800000, 0x00000000a5900000, 0x00000000a5900000|100%| O|  |TAMS 0x00000000a5900000, 0x00000000a5800000| Untracked 
|  53|0x00000000a5900000, 0x00000000a5a00000, 0x00000000a5a00000|100%| O|  |TAMS 0x00000000a5a00000, 0x00000000a5900000| Untracked 
|  54|0x00000000a5a00000, 0x00000000a5b00000, 0x00000000a5b00000|100%| O|  |TAMS 0x00000000a5b00000, 0x00000000a5a00000| Untracked 
|  55|0x00000000a5b00000, 0x00000000a5c00000, 0x00000000a5c00000|100%| O|  |TAMS 0x00000000a5c00000, 0x00000000a5b00000| Untracked 
|  56|0x00000000a5c00000, 0x00000000a5d00000, 0x00000000a5d00000|100%| O|  |TAMS 0x00000000a5d00000, 0x00000000a5c00000| Untracked 
|  57|0x00000000a5d00000, 0x00000000a5e00000, 0x00000000a5e00000|100%| O|  |TAMS 0x00000000a5e00000, 0x00000000a5d00000| Untracked 
|  58|0x00000000a5e00000, 0x00000000a5f00000, 0x00000000a5f00000|100%| O|  |TAMS 0x00000000a5f00000, 0x00000000a5e00000| Untracked 
|  59|0x00000000a5f00000, 0x00000000a6000000, 0x00000000a6000000|100%| O|  |TAMS 0x00000000a6000000, 0x00000000a5f00000| Untracked 
|  60|0x00000000a6000000, 0x00000000a6100000, 0x00000000a6100000|100%| O|  |TAMS 0x00000000a6100000, 0x00000000a6000000| Untracked 
|  61|0x00000000a6100000, 0x00000000a6200000, 0x00000000a6200000|100%| O|  |TAMS 0x00000000a6200000, 0x00000000a6100000| Complete 
|  62|0x00000000a6200000, 0x00000000a6300000, 0x00000000a6300000|100%| O|  |TAMS 0x00000000a6300000, 0x00000000a6200000| Untracked 
|  63|0x00000000a6300000, 0x00000000a6400000, 0x00000000a6400000|100%| O|  |TAMS 0x00000000a6400000, 0x00000000a6300000| Untracked 
|  64|0x00000000a6400000, 0x00000000a6500000, 0x00000000a6500000|100%| O|  |TAMS 0x00000000a6500000, 0x00000000a6400000| Untracked 
|  65|0x00000000a6500000, 0x00000000a6600000, 0x00000000a6600000|100%| O|  |TAMS 0x00000000a6600000, 0x00000000a6500000| Untracked 
|  66|0x00000000a6600000, 0x00000000a6700000, 0x00000000a6700000|100%| O|  |TAMS 0x00000000a6700000, 0x00000000a6600000| Untracked 
|  67|0x00000000a6700000, 0x00000000a6800000, 0x00000000a6800000|100%| O|  |TAMS 0x00000000a6800000, 0x00000000a6700000| Untracked 
|  68|0x00000000a6800000, 0x00000000a6900000, 0x00000000a6900000|100%| O|  |TAMS 0x00000000a6900000, 0x00000000a6800000| Untracked 
|  69|0x00000000a6900000, 0x00000000a6a00000, 0x00000000a6a00000|100%| O|  |TAMS 0x00000000a6a00000, 0x00000000a6900000| Untracked 
|  70|0x00000000a6a00000, 0x00000000a6b00000, 0x00000000a6b00000|100%| O|  |TAMS 0x00000000a6ac9400, 0x00000000a6a00000| Untracked 
|  71|0x00000000a6b00000, 0x00000000a6c00000, 0x00000000a6c00000|100%| O|  |TAMS 0x00000000a6b00000, 0x00000000a6b00000| Untracked 
|  72|0x00000000a6c00000, 0x00000000a6d00000, 0x00000000a6d00000|100%| O|  |TAMS 0x00000000a6c00000, 0x00000000a6c00000| Untracked 
|  73|0x00000000a6d00000, 0x00000000a6e00000, 0x00000000a6e00000|100%| O|  |TAMS 0x00000000a6d00000, 0x00000000a6d00000| Untracked 
|  74|0x00000000a6e00000, 0x00000000a6f00000, 0x00000000a6f00000|100%| O|  |TAMS 0x00000000a6e00000, 0x00000000a6e00000| Untracked 
|  75|0x00000000a6f00000, 0x00000000a7000000, 0x00000000a7000000|100%| O|  |TAMS 0x00000000a6f00000, 0x00000000a6f00000| Untracked 
|  76|0x00000000a7000000, 0x00000000a7100000, 0x00000000a7100000|100%| O|  |TAMS 0x00000000a7000000, 0x00000000a7000000| Untracked 
|  77|0x00000000a7100000, 0x00000000a7200000, 0x00000000a7200000|100%| O|  |TAMS 0x00000000a7100000, 0x00000000a7100000| Untracked 
|  78|0x00000000a7200000, 0x00000000a72f4600, 0x00000000a7300000| 95%| O|  |TAMS 0x00000000a7200000, 0x00000000a7200000| Untracked 
|  79|0x00000000a7300000, 0x00000000a7300000, 0x00000000a7400000|  0%| F|  |TAMS 0x00000000a7300000, 0x00000000a7300000| Untracked 
|  80|0x00000000a7400000, 0x00000000a7400000, 0x00000000a7500000|  0%| F|  |TAMS 0x00000000a7400000, 0x00000000a7400000| Untracked 
|  81|0x00000000a7500000, 0x00000000a7500000, 0x00000000a7600000|  0%| F|  |TAMS 0x00000000a7500000, 0x00000000a7500000| Untracked 
|  82|0x00000000a7600000, 0x00000000a7600000, 0x00000000a7700000|  0%| F|  |TAMS 0x00000000a7600000, 0x00000000a7600000| Untracked 
|  83|0x00000000a7700000, 0x00000000a7700000, 0x00000000a7800000|  0%| F|  |TAMS 0x00000000a7700000, 0x00000000a7700000| Untracked 
|  84|0x00000000a7800000, 0x00000000a7800000, 0x00000000a7900000|  0%| F|  |TAMS 0x00000000a7800000, 0x00000000a7800000| Untracked 
|  85|0x00000000a7900000, 0x00000000a7900000, 0x00000000a7a00000|  0%| F|  |TAMS 0x00000000a7900000, 0x00000000a7900000| Untracked 
|  86|0x00000000a7a00000, 0x00000000a7a00000, 0x00000000a7b00000|  0%| F|  |TAMS 0x00000000a7a00000, 0x00000000a7a00000| Untracked 
|  87|0x00000000a7b00000, 0x00000000a7b00000, 0x00000000a7c00000|  0%| F|  |TAMS 0x00000000a7b00000, 0x00000000a7b00000| Untracked 
|  88|0x00000000a7c00000, 0x00000000a7c00000, 0x00000000a7d00000|  0%| F|  |TAMS 0x00000000a7c00000, 0x00000000a7c00000| Untracked 
|  89|0x00000000a7d00000, 0x00000000a7d00000, 0x00000000a7e00000|  0%| F|  |TAMS 0x00000000a7d00000, 0x00000000a7d00000| Untracked 
|  90|0x00000000a7e00000, 0x00000000a7e00000, 0x00000000a7f00000|  0%| F|  |TAMS 0x00000000a7e00000, 0x00000000a7e00000| Untracked 
|  91|0x00000000a7f00000, 0x00000000a7f00000, 0x00000000a8000000|  0%| F|  |TAMS 0x00000000a7f00000, 0x00000000a7f00000| Untracked 
|  92|0x00000000a8000000, 0x00000000a8000000, 0x00000000a8100000|  0%| F|  |TAMS 0x00000000a8000000, 0x00000000a8000000| Untracked 
|  93|0x00000000a8100000, 0x00000000a8100000, 0x00000000a8200000|  0%| F|  |TAMS 0x00000000a8100000, 0x00000000a8100000| Untracked 
|  94|0x00000000a8200000, 0x00000000a8200000, 0x00000000a8300000|  0%| F|  |TAMS 0x00000000a8200000, 0x00000000a8200000| Untracked 
|  95|0x00000000a8300000, 0x00000000a8300000, 0x00000000a8400000|  0%| F|  |TAMS 0x00000000a8300000, 0x00000000a8300000| Untracked 
|  96|0x00000000a8400000, 0x00000000a8400000, 0x00000000a8500000|  0%| F|  |TAMS 0x00000000a8400000, 0x00000000a8400000| Untracked 
|  97|0x00000000a8500000, 0x00000000a8500000, 0x00000000a8600000|  0%| F|  |TAMS 0x00000000a8500000, 0x00000000a8500000| Untracked 
|  98|0x00000000a8600000, 0x00000000a8600000, 0x00000000a8700000|  0%| F|  |TAMS 0x00000000a8600000, 0x00000000a8600000| Untracked 
|  99|0x00000000a8700000, 0x00000000a8700000, 0x00000000a8800000|  0%| F|  |TAMS 0x00000000a8700000, 0x00000000a8700000| Untracked 
| 100|0x00000000a8800000, 0x00000000a8800000, 0x00000000a8900000|  0%| F|  |TAMS 0x00000000a8800000, 0x00000000a8800000| Untracked 
| 101|0x00000000a8900000, 0x00000000a8900000, 0x00000000a8a00000|  0%| F|  |TAMS 0x00000000a8900000, 0x00000000a8900000| Untracked 
| 102|0x00000000a8a00000, 0x00000000a8a00000, 0x00000000a8b00000|  0%| F|  |TAMS 0x00000000a8a00000, 0x00000000a8a00000| Untracked 
| 103|0x00000000a8b00000, 0x00000000a8b5e258, 0x00000000a8c00000| 36%| S|CS|TAMS 0x00000000a8b00000, 0x00000000a8b00000| Complete 
| 104|0x00000000a8c00000, 0x00000000a8d00000, 0x00000000a8d00000|100%| S|CS|TAMS 0x00000000a8c00000, 0x00000000a8c00000| Complete 
| 105|0x00000000a8d00000, 0x00000000a8e00000, 0x00000000a8e00000|100%| S|CS|TAMS 0x00000000a8d00000, 0x00000000a8d00000| Complete 
| 106|0x00000000a8e00000, 0x00000000a8f00000, 0x00000000a8f00000|100%| S|CS|TAMS 0x00000000a8e00000, 0x00000000a8e00000| Complete 
| 107|0x00000000a8f00000, 0x00000000a9000000, 0x00000000a9000000|100%| S|CS|TAMS 0x00000000a8f00000, 0x00000000a8f00000| Complete 
| 108|0x00000000a9000000, 0x00000000a9100000, 0x00000000a9100000|100%| S|CS|TAMS 0x00000000a9000000, 0x00000000a9000000| Complete 
| 109|0x00000000a9100000, 0x00000000a9200000, 0x00000000a9200000|100%| S|CS|TAMS 0x00000000a9100000, 0x00000000a9100000| Complete 
| 110|0x00000000a9200000, 0x00000000a9200000, 0x00000000a9300000|  0%| F|  |TAMS 0x00000000a9200000, 0x00000000a9200000| Untracked 
| 111|0x00000000a9300000, 0x00000000a9300000, 0x00000000a9400000|  0%| F|  |TAMS 0x00000000a9300000, 0x00000000a9300000| Untracked 
| 112|0x00000000a9400000, 0x00000000a9400000, 0x00000000a9500000|  0%| F|  |TAMS 0x00000000a9400000, 0x00000000a9400000| Untracked 
| 113|0x00000000a9500000, 0x00000000a9500000, 0x00000000a9600000|  0%| F|  |TAMS 0x00000000a9500000, 0x00000000a9500000| Untracked 
| 114|0x00000000a9600000, 0x00000000a9600000, 0x00000000a9700000|  0%| F|  |TAMS 0x00000000a9600000, 0x00000000a9600000| Untracked 
| 115|0x00000000a9700000, 0x00000000a9700000, 0x00000000a9800000|  0%| F|  |TAMS 0x00000000a9700000, 0x00000000a9700000| Untracked 
| 116|0x00000000a9800000, 0x00000000a9800000, 0x00000000a9900000|  0%| F|  |TAMS 0x00000000a9800000, 0x00000000a9800000| Untracked 
| 117|0x00000000a9900000, 0x00000000a9900000, 0x00000000a9a00000|  0%| F|  |TAMS 0x00000000a9900000, 0x00000000a9900000| Untracked 
| 118|0x00000000a9a00000, 0x00000000a9a00000, 0x00000000a9b00000|  0%| F|  |TAMS 0x00000000a9a00000, 0x00000000a9a00000| Untracked 
| 119|0x00000000a9b00000, 0x00000000a9b00000, 0x00000000a9c00000|  0%| F|  |TAMS 0x00000000a9b00000, 0x00000000a9b00000| Untracked 
| 120|0x00000000a9c00000, 0x00000000a9c00000, 0x00000000a9d00000|  0%| F|  |TAMS 0x00000000a9c00000, 0x00000000a9c00000| Untracked 
| 121|0x00000000a9d00000, 0x00000000a9d00000, 0x00000000a9e00000|  0%| F|  |TAMS 0x00000000a9d00000, 0x00000000a9d00000| Untracked 
| 122|0x00000000a9e00000, 0x00000000a9e00000, 0x00000000a9f00000|  0%| F|  |TAMS 0x00000000a9e00000, 0x00000000a9e00000| Untracked 
| 123|0x00000000a9f00000, 0x00000000a9f00000, 0x00000000aa000000|  0%| F|  |TAMS 0x00000000a9f00000, 0x00000000a9f00000| Untracked 
| 124|0x00000000aa000000, 0x00000000aa000000, 0x00000000aa100000|  0%| F|  |TAMS 0x00000000aa000000, 0x00000000aa000000| Untracked 
| 125|0x00000000aa100000, 0x00000000aa100000, 0x00000000aa200000|  0%| F|  |TAMS 0x00000000aa100000, 0x00000000aa100000| Untracked 
| 126|0x00000000aa200000, 0x00000000aa200000, 0x00000000aa300000|  0%| F|  |TAMS 0x00000000aa200000, 0x00000000aa200000| Untracked 
| 127|0x00000000aa300000, 0x00000000aa32d0c0, 0x00000000aa400000| 17%| E|  |TAMS 0x00000000aa300000, 0x00000000aa300000| Complete 
| 128|0x00000000aa400000, 0x00000000aa500000, 0x00000000aa500000|100%| E|CS|TAMS 0x00000000aa400000, 0x00000000aa400000| Complete 
| 129|0x00000000aa500000, 0x00000000aa600000, 0x00000000aa600000|100%| E|CS|TAMS 0x00000000aa500000, 0x00000000aa500000| Complete 
| 130|0x00000000aa600000, 0x00000000aa700000, 0x00000000aa700000|100%| E|CS|TAMS 0x00000000aa600000, 0x00000000aa600000| Complete 
| 131|0x00000000aa700000, 0x00000000aa800000, 0x00000000aa800000|100%| E|CS|TAMS 0x00000000aa700000, 0x00000000aa700000| Complete 
| 132|0x00000000aa800000, 0x00000000aa900000, 0x00000000aa900000|100%| E|CS|TAMS 0x00000000aa800000, 0x00000000aa800000| Complete 
| 133|0x00000000aa900000, 0x00000000aaa00000, 0x00000000aaa00000|100%| E|CS|TAMS 0x00000000aa900000, 0x00000000aa900000| Complete 
| 134|0x00000000aaa00000, 0x00000000aab00000, 0x00000000aab00000|100%| E|CS|TAMS 0x00000000aaa00000, 0x00000000aaa00000| Complete 
| 135|0x00000000aab00000, 0x00000000aac00000, 0x00000000aac00000|100%| E|CS|TAMS 0x00000000aab00000, 0x00000000aab00000| Complete 
| 136|0x00000000aac00000, 0x00000000aad00000, 0x00000000aad00000|100%| E|CS|TAMS 0x00000000aac00000, 0x00000000aac00000| Complete 
| 137|0x00000000aad00000, 0x00000000aae00000, 0x00000000aae00000|100%| E|  |TAMS 0x00000000aad00000, 0x00000000aad00000| Complete 
| 138|0x00000000aae00000, 0x00000000aaf00000, 0x00000000aaf00000|100%| E|CS|TAMS 0x00000000aae00000, 0x00000000aae00000| Complete 
| 139|0x00000000aaf00000, 0x00000000ab000000, 0x00000000ab000000|100%| E|CS|TAMS 0x00000000aaf00000, 0x00000000aaf00000| Complete 
| 140|0x00000000ab000000, 0x00000000ab100000, 0x00000000ab100000|100%| E|CS|TAMS 0x00000000ab000000, 0x00000000ab000000| Complete 
| 141|0x00000000ab100000, 0x00000000ab200000, 0x00000000ab200000|100%| E|CS|TAMS 0x00000000ab100000, 0x00000000ab100000| Complete 
| 142|0x00000000ab200000, 0x00000000ab300000, 0x00000000ab300000|100%| E|CS|TAMS 0x00000000ab200000, 0x00000000ab200000| Complete 
| 143|0x00000000ab300000, 0x00000000ab400000, 0x00000000ab400000|100%| E|CS|TAMS 0x00000000ab300000, 0x00000000ab300000| Complete 
| 144|0x00000000ab400000, 0x00000000ab500000, 0x00000000ab500000|100%| E|CS|TAMS 0x00000000ab400000, 0x00000000ab400000| Complete 
| 145|0x00000000ab500000, 0x00000000ab600000, 0x00000000ab600000|100%| E|CS|TAMS 0x00000000ab500000, 0x00000000ab500000| Complete 
| 146|0x00000000ab600000, 0x00000000ab700000, 0x00000000ab700000|100%| E|CS|TAMS 0x00000000ab600000, 0x00000000ab600000| Complete 
| 147|0x00000000ab700000, 0x00000000ab800000, 0x00000000ab800000|100%| E|CS|TAMS 0x00000000ab700000, 0x00000000ab700000| Complete 
| 148|0x00000000ab800000, 0x00000000ab900000, 0x00000000ab900000|100%| E|CS|TAMS 0x00000000ab800000, 0x00000000ab800000| Complete 
| 149|0x00000000ab900000, 0x00000000aba00000, 0x00000000aba00000|100%| E|CS|TAMS 0x00000000ab900000, 0x00000000ab900000| Complete 
| 150|0x00000000aba00000, 0x00000000abb00000, 0x00000000abb00000|100%| E|CS|TAMS 0x00000000aba00000, 0x00000000aba00000| Complete 
| 151|0x00000000abb00000, 0x00000000abc00000, 0x00000000abc00000|100%| E|CS|TAMS 0x00000000abb00000, 0x00000000abb00000| Complete 
| 152|0x00000000abc00000, 0x00000000abd00000, 0x00000000abd00000|100%| E|CS|TAMS 0x00000000abc00000, 0x00000000abc00000| Complete 
| 153|0x00000000abd00000, 0x00000000abe00000, 0x00000000abe00000|100%| E|CS|TAMS 0x00000000abd00000, 0x00000000abd00000| Complete 

Card table byte_map: [0x000001aac8570000,0x000001aac8860000] _byte_map_base: 0x000001aac805e000

Marking Bits (Prev, Next): (CMBitMap*) 0x000001aab5df7350, (CMBitMap*) 0x000001aab5df7310
 Prev Bits: [0x000001aaca2c0000, 0x000001aacba30000)
 Next Bits: [0x000001aac8b50000, 0x000001aaca2c0000)

Polling page: 0x000001aab5580000

Metaspace:

Usage:
  Non-class:     70.88 MB used.
      Class:     11.38 MB used.
       Both:     82.26 MB used.

Virtual space:
  Non-class space:       80.00 MB reserved,      71.38 MB ( 89%) committed,  10 nodes.
      Class space:        1.00 GB reserved,      11.69 MB (  1%) committed,  1 nodes.
             Both:        1.08 GB reserved,      83.06 MB (  8%) committed. 

Chunk freelists:
   Non-Class:  3.92 MB
       Class:  328.00 KB
        Both:  4.24 MB

MaxMetaspaceSize: unlimited
CompressedClassSpaceSize: 1.00 GB
Initial GC threshold: 21.00 MB
Current GC threshold: 135.75 MB
CDS: off
MetaspaceReclaimPolicy: balanced
 - commit_granule_bytes: 65536.
 - commit_granule_words: 8192.
 - virtual_space_node_default_size: 1048576.
 - enlarge_chunks_in_place: 1.
 - new_chunks_are_fully_committed: 0.
 - uncommit_free_chunks: 1.
 - use_allocation_guard: 0.
 - handle_deallocations: 1.


Internal statistics:

num_allocs_failed_limit: 12.
num_arena_births: 930.
num_arena_deaths: 0.
num_vsnodes_births: 11.
num_vsnodes_deaths: 0.
num_space_committed: 1329.
num_space_uncommitted: 0.
num_chunks_returned_to_freelist: 12.
num_chunks_taken_from_freelist: 4116.
num_chunk_merges: 9.
num_chunk_splits: 2616.
num_chunks_enlarged: 1630.
num_purges: 0.
num_inconsistent_stats: 0.

CodeHeap 'non-profiled nmethods': size=120000Kb used=5630Kb max_used=5630Kb free=114369Kb
 bounds [0x000001aac0d50000, 0x000001aac12d0000, 0x000001aac8280000]
CodeHeap 'profiled nmethods': size=120000Kb used=17246Kb max_used=17246Kb free=102753Kb
 bounds [0x000001aab9280000, 0x000001aaba360000, 0x000001aac07b0000]
CodeHeap 'non-nmethods': size=5760Kb used=2368Kb max_used=2471Kb free=3391Kb
 bounds [0x000001aac07b0000, 0x000001aac0a40000, 0x000001aac0d50000]
 total_blobs=9464 nmethods=8564 adapters=812
 compilation: enabled
              stopped_count=0, restarted_count=0
 full_count=0

Compilation events (20 events):
Event: 292.348 Thread 0x000001aace90ea60 nmethod 9433 0x000001aaba351d90 code [0x000001aaba351f20, 0x000001aaba352018]
Event: 296.846 Thread 0x000001aace90ea60 9434   !   3       java.util.concurrent.ScheduledThreadPoolExecutor$DelayedWorkQueue::offer (123 bytes)
Event: 296.852 Thread 0x000001aace90ea60 nmethod 9434 0x000001aaba352090 code [0x000001aaba352380, 0x000001aaba353738]
Event: 296.852 Thread 0x000001aace90ea60 9436   !   3       java.util.concurrent.ScheduledThreadPoolExecutor$DelayedWorkQueue::take (203 bytes)
Event: 296.860 Thread 0x000001aace90ea60 nmethod 9436 0x000001aaba353f90 code [0x000001aaba354320, 0x000001aaba355b08]
Event: 296.860 Thread 0x000001aace90ea60 9435       3       java.util.concurrent.ThreadPoolExecutor::ensurePrestart (41 bytes)
Event: 296.871 Thread 0x000001aace90ea60 nmethod 9435 0x000001aaba356610 code [0x000001aaba3567e0, 0x000001aaba356ab8]
Event: 298.922 Thread 0x000001aace90ea60 9437       3       java.util.concurrent.ScheduledThreadPoolExecutor::reExecutePeriodic (49 bytes)
Event: 298.926 Thread 0x000001aace90ea60 nmethod 9437 0x000001aaba356c10 code [0x000001aaba356e20, 0x000001aaba357468]
Event: 310.852 Thread 0x000001aace90d500 9438       4       java.lang.StringConcatHelper::stringOf (20 bytes)
Event: 310.865 Thread 0x000001aace90d500 nmethod 9438 0x000001aac12c5310 code [0x000001aac12c5480, 0x000001aac12c5518]
Event: 313.928 Thread 0x000001aace90d500 9439       4       java.lang.reflect.Method::invoke (65 bytes)
Event: 314.381 Thread 0x000001aace90d500 nmethod 9439 0x000001aac12c5610 code [0x000001aac12c5b00, 0x000001aac12cbb00]
Event: 315.849 Thread 0x000001aace90d500 9440       4       java.util.stream.Collectors$$Lambda$61/0x00000001001699f8::accept (14 bytes)
Event: 315.868 Thread 0x000001aace90d500 nmethod 9440 0x000001aac12ce910 code [0x000001aac12ceaa0, 0x000001aac12cf2f8]
Event: 318.927 Thread 0x000001aace90ea60 9441       1       com.sun.jmx.mbeanserver.NamedObject::getObject (5 bytes)
Event: 318.936 Thread 0x000001aace90ea60 nmethod 9441 0x000001aac12cf590 code [0x000001aac12cf720, 0x000001aac12cf7f8]
Event: 318.936 Thread 0x000001aace90ea60 9443       3       com.sun.jmx.mbeanserver.MXBeanLookup::setLookup (8 bytes)
Event: 319.018 Thread 0x000001aace90ea60 nmethod 9443 0x000001aaba357690 code [0x000001aaba357820, 0x000001aaba3579c8]
Event: 320.852 Thread 0x000001aace90d500 9444       4       java.util.stream.ReferencePipeline$3::opWrapSink (10 bytes)

GC Heap History (20 events):
Event: 7.949 GC heap before
{Heap before GC invocations=10 (full 0):
 garbage-first heap   total 131072K, used 93656K [0x00000000a2400000, 0x0000000100000000)
  region size 1024K, 71 young (72704K), 10 survivors (10240K)
 Metaspace       used 50720K, committed 51136K, reserved 1097728K
  class space    used 6702K, committed 6848K, reserved 1048576K
}
Event: 7.974 GC heap after
{Heap after GC invocations=11 (full 0):
 garbage-first heap   total 131072K, used 35550K [0x00000000a2400000, 0x0000000100000000)
  region size 1024K, 5 young (5120K), 5 survivors (5120K)
 Metaspace       used 50720K, committed 51136K, reserved 1097728K
  class space    used 6702K, committed 6848K, reserved 1048576K
}
Event: 9.712 GC heap before
{Heap before GC invocations=11 (full 0):
 garbage-first heap   total 131072K, used 101086K [0x00000000a2400000, 0x0000000100000000)
  region size 1024K, 66 young (67584K), 5 survivors (5120K)
 Metaspace       used 55565K, committed 56128K, reserved 1097728K
  class space    used 7401K, committed 7616K, reserved 1048576K
}
Event: 9.727 GC heap after
{Heap after GC invocations=12 (full 0):
 garbage-first heap   total 131072K, used 48128K [0x00000000a2400000, 0x0000000100000000)
  region size 1024K, 9 young (9216K), 9 survivors (9216K)
 Metaspace       used 55565K, committed 56128K, reserved 1097728K
  class space    used 7401K, committed 7616K, reserved 1048576K
}
Event: 10.376 GC heap before
{Heap before GC invocations=12 (full 0):
 garbage-first heap   total 131072K, used 74752K [0x00000000a2400000, 0x0000000100000000)
  region size 1024K, 36 young (36864K), 9 survivors (9216K)
 Metaspace       used 59663K, committed 60096K, reserved 1105920K
  class space    used 7942K, committed 8128K, reserved 1048576K
}
Event: 10.384 GC heap after
{Heap after GC invocations=13 (full 0):
 garbage-first heap   total 131072K, used 49595K [0x00000000a2400000, 0x0000000100000000)
  region size 1024K, 2 young (2048K), 2 survivors (2048K)
 Metaspace       used 59663K, committed 60096K, reserved 1105920K
  class space    used 7942K, committed 8128K, reserved 1048576K
}
Event: 11.556 GC heap before
{Heap before GC invocations=14 (full 0):
 garbage-first heap   total 131072K, used 99771K [0x00000000a2400000, 0x0000000100000000)
  region size 1024K, 52 young (53248K), 2 survivors (2048K)
 Metaspace       used 65811K, committed 66304K, reserved 1114112K
  class space    used 8675K, committed 8896K, reserved 1048576K
}
Event: 11.563 GC heap after
{Heap after GC invocations=15 (full 0):
 garbage-first heap   total 131072K, used 52811K [0x00000000a2400000, 0x0000000100000000)
  region size 1024K, 5 young (5120K), 5 survivors (5120K)
 Metaspace       used 65811K, committed 66304K, reserved 1114112K
  class space    used 8675K, committed 8896K, reserved 1048576K
}
Event: 12.496 GC heap before
{Heap before GC invocations=16 (full 0):
 garbage-first heap   total 131072K, used 102987K [0x00000000a2400000, 0x0000000100000000)
  region size 1024K, 53 young (54272K), 5 survivors (5120K)
 Metaspace       used 69593K, committed 70144K, reserved 1114112K
  class space    used 9212K, committed 9472K, reserved 1048576K
}
Event: 12.506 GC heap after
{Heap after GC invocations=17 (full 0):
 garbage-first heap   total 131072K, used 55830K [0x00000000a2400000, 0x0000000100000000)
  region size 1024K, 3 young (3072K), 3 survivors (3072K)
 Metaspace       used 69593K, committed 70144K, reserved 1114112K
  class space    used 9212K, committed 9472K, reserved 1048576K
}
Event: 13.280 GC heap before
{Heap before GC invocations=17 (full 0):
 garbage-first heap   total 131072K, used 103958K [0x00000000a2400000, 0x0000000100000000)
  region size 1024K, 50 young (51200K), 3 survivors (3072K)
 Metaspace       used 71645K, committed 72256K, reserved 1114112K
  class space    used 9503K, committed 9728K, reserved 1048576K
}
Event: 13.292 GC heap after
{Heap after GC invocations=18 (full 0):
 garbage-first heap   total 131072K, used 62656K [0x00000000a2400000, 0x0000000100000000)
  region size 1024K, 7 young (7168K), 7 survivors (7168K)
 Metaspace       used 71645K, committed 72256K, reserved 1114112K
  class space    used 9503K, committed 9728K, reserved 1048576K
}
Event: 13.747 GC heap before
{Heap before GC invocations=18 (full 0):
 garbage-first heap   total 131072K, used 103616K [0x00000000a2400000, 0x0000000100000000)
  region size 1024K, 47 young (48128K), 7 survivors (7168K)
 Metaspace       used 73197K, committed 73792K, reserved 1114112K
  class space    used 9735K, committed 9984K, reserved 1048576K
}
Event: 13.765 GC heap after
{Heap after GC invocations=19 (full 0):
 garbage-first heap   total 157696K, used 66981K [0x00000000a2400000, 0x0000000100000000)
  region size 1024K, 4 young (4096K), 4 survivors (4096K)
 Metaspace       used 73197K, committed 73792K, reserved 1114112K
  class space    used 9735K, committed 9984K, reserved 1048576K
}
Event: 14.804 GC heap before
{Heap before GC invocations=19 (full 0):
 garbage-first heap   total 157696K, used 124325K [0x00000000a2400000, 0x0000000100000000)
  region size 1024K, 60 young (61440K), 4 survivors (4096K)
 Metaspace       used 78167K, committed 78720K, reserved 1122304K
  class space    used 10595K, committed 10816K, reserved 1048576K
}
Event: 14.818 GC heap after
{Heap after GC invocations=20 (full 0):
 garbage-first heap   total 157696K, used 72278K [0x00000000a2400000, 0x0000000100000000)
  region size 1024K, 8 young (8192K), 8 survivors (8192K)
 Metaspace       used 78167K, committed 78720K, reserved 1122304K
  class space    used 10595K, committed 10816K, reserved 1048576K
}
Event: 15.790 GC heap before
{Heap before GC invocations=20 (full 0):
 garbage-first heap   total 157696K, used 125526K [0x00000000a2400000, 0x0000000100000000)
  region size 1024K, 60 young (61440K), 8 survivors (8192K)
 Metaspace       used 79847K, committed 80576K, reserved 1122304K
  class space    used 10859K, committed 11136K, reserved 1048576K
}
Event: 15.807 GC heap after
{Heap after GC invocations=21 (full 0):
 garbage-first heap   total 157696K, used 80677K [0x00000000a2400000, 0x0000000100000000)
  region size 1024K, 8 young (8192K), 8 survivors (8192K)
 Metaspace       used 79847K, committed 80576K, reserved 1122304K
  class space    used 10859K, committed 11136K, reserved 1048576K
}
Event: 16.656 GC heap before
{Heap before GC invocations=21 (full 0):
 garbage-first heap   total 157696K, used 125733K [0x00000000a2400000, 0x0000000100000000)
  region size 1024K, 52 young (53248K), 8 survivors (8192K)
 Metaspace       used 81994K, committed 82816K, reserved 1122304K
  class space    used 11228K, committed 11584K, reserved 1048576K
}
Event: 16.683 GC heap after
{Heap after GC invocations=22 (full 0):
 garbage-first heap   total 157696K, used 87370K [0x00000000a2400000, 0x0000000100000000)
  region size 1024K, 7 young (7168K), 7 survivors (7168K)
 Metaspace       used 81994K, committed 82816K, reserved 1122304K
  class space    used 11228K, committed 11584K, reserved 1048576K
}

Dll operation events (2 events):
Event: 0.009 Loaded shared library C:\Program Files\Android\Android Studio\jbr\bin\java.dll
Event: 0.408 Loaded shared library C:\Program Files\Android\Android Studio\jbr\bin\verify.dll

Deoptimization events (20 events):
Event: 17.372 Thread 0x000001aad38c8a00 DEOPT PACKING pc=0x000001aac127f128 sp=0x000000a9a34fb770
Event: 17.372 Thread 0x000001aad38c8a00 DEOPT UNPACKING pc=0x000001aac08069a3 sp=0x000000a9a34fb708 mode 2
Event: 17.372 Thread 0x000001aad38c8a00 Uncommon trap: trap_request=0xffffffc6 fr.pc=0x000001aac127f128 relative=0x0000000000000188
Event: 17.372 Thread 0x000001aad38c8a00 Uncommon trap: reason=bimorphic_or_optimized_type_check action=maybe_recompile pc=0x000001aac127f128 method=com.google.common.collect.RegularImmutableMap.get(Ljava/lang/Object;[Lcom/google/common/collect/ImmutableMapEntry;I)Ljava/lang/Object; @ 54 c2
Event: 17.372 Thread 0x000001aad38c8a00 DEOPT PACKING pc=0x000001aac127f128 sp=0x000000a9a34fb650
Event: 17.372 Thread 0x000001aad38c8a00 DEOPT UNPACKING pc=0x000001aac08069a3 sp=0x000000a9a34fb5e8 mode 2
Event: 17.372 Thread 0x000001aad38c8a00 Uncommon trap: trap_request=0xffffffc6 fr.pc=0x000001aac127f128 relative=0x0000000000000188
Event: 17.372 Thread 0x000001aad38c8a00 Uncommon trap: reason=bimorphic_or_optimized_type_check action=maybe_recompile pc=0x000001aac127f128 method=com.google.common.collect.RegularImmutableMap.get(Ljava/lang/Object;[Lcom/google/common/collect/ImmutableMapEntry;I)Ljava/lang/Object; @ 54 c2
Event: 17.372 Thread 0x000001aad38c8a00 DEOPT PACKING pc=0x000001aac127f128 sp=0x000000a9a34fb640
Event: 17.372 Thread 0x000001aad38c8a00 DEOPT UNPACKING pc=0x000001aac08069a3 sp=0x000000a9a34fb5d8 mode 2
Event: 17.448 Thread 0x000001aad38c8a00 DEOPT PACKING pc=0x000001aab9b3b8d1 sp=0x000000a9a34fa1c0
Event: 17.474 Thread 0x000001aad38c8a00 DEOPT UNPACKING pc=0x000001aac0807143 sp=0x000000a9a34f96b8 mode 0
Event: 17.507 Thread 0x000001aad38c8a00 Uncommon trap: trap_request=0xffffff45 fr.pc=0x000001aac1297584 relative=0x0000000000000c64
Event: 17.507 Thread 0x000001aad38c8a00 Uncommon trap: reason=unstable_if action=reinterpret pc=0x000001aac1297584 method=org.gradle.internal.snapshot.VfsRelativePath.lengthOfCommonPrefix(Ljava/lang/String;Lorg/gradle/internal/snapshot/CaseSensitivity;)I @ 107 c2
Event: 17.507 Thread 0x000001aad38c8a00 DEOPT PACKING pc=0x000001aac1297584 sp=0x000000a9a34fb630
Event: 17.507 Thread 0x000001aad38c8a00 DEOPT UNPACKING pc=0x000001aac08069a3 sp=0x000000a9a34fb5b8 mode 2
Event: 17.570 Thread 0x000001aad38cabb0 Uncommon trap: trap_request=0xffffffc6 fr.pc=0x000001aac0e6b04c relative=0x00000000000009cc
Event: 17.570 Thread 0x000001aad38cabb0 Uncommon trap: reason=bimorphic_or_optimized_type_check action=maybe_recompile pc=0x000001aac0e6b04c method=java.io.BufferedInputStream.read1([BII)I @ 39 c2
Event: 17.570 Thread 0x000001aad38cabb0 DEOPT PACKING pc=0x000001aac0e6b04c sp=0x000000a9a3dfef80
Event: 17.570 Thread 0x000001aad38cabb0 DEOPT UNPACKING pc=0x000001aac08069a3 sp=0x000000a9a3dfee98 mode 2

Classes unloaded (0 events):
No events

Classes redefined (0 events):
No events

Internal exceptions (20 events):
Event: 16.848 Thread 0x000001aad03590f0 Exception <a 'java/lang/NoSuchMethodError'{0x00000000ab9ee320}: static Lorg/gradle/internal/build/event/types/DefaultTaskStartedProgressEvent;.<clinit>()V> (0x00000000ab9ee320) 
thrown [s\src\hotspot\share\prims\jni.cpp, line 1108]
Event: 16.849 Thread 0x000001aad03590f0 Exception <a 'java/lang/NoSuchMethodError'{0x00000000ab9fa948}: static Lorg/gradle/internal/build/event/types/DefaultTaskDescriptor;.<clinit>()V> (0x00000000ab9fa948) 
thrown [s\src\hotspot\share\prims\jni.cpp, line 1108]
Event: 16.879 Thread 0x000001aad38c8a00 Exception <a 'java/lang/IncompatibleClassChangeError'{0x00000000ab9e4730}: Found class java.lang.Object, but interface was expected> (0x00000000ab9e4730) 
thrown [s\src\hotspot\share\interpreter\linkResolver.cpp, line 838]
Event: 16.927 Thread 0x000001aad38c8a00 Implicit null exception at 0x000001aac103cc57 to 0x000001aac103cdf8
Event: 16.977 Thread 0x000001aad38c8a00 Exception <a 'java/lang/IncompatibleClassChangeError'{0x00000000ab64ed70}: Found class java.lang.Object, but interface was expected> (0x00000000ab64ed70) 
thrown [s\src\hotspot\share\interpreter\linkResolver.cpp, line 838]
Event: 17.034 Thread 0x000001aad38c8a00 Exception <a 'java/lang/NoSuchMethodError'{0x00000000ab45c538}: 'int java.lang.invoke.DirectMethodHandle$Holder.invokeStaticInit(java.lang.Object, java.lang.Object, java.lang.Object, java.lang.Object, java.lang.Object)'> (0x00000000ab45c538) 
thrown [s\src\hotspot\share\interpreter\linkResolver.cpp, line 771]
Event: 17.063 Thread 0x000001aad03590f0 Exception <a 'java/lang/NoSuchMethodError'{0x00000000ab39b9a8}: static Lorg/gradle/internal/build/event/types/DefaultTaskFinishedProgressEvent;.<clinit>()V> (0x00000000ab39b9a8) 
thrown [s\src\hotspot\share\prims\jni.cpp, line 1108]
Event: 17.067 Thread 0x000001aad03590f0 Exception <a 'java/lang/NoSuchMethodError'{0x00000000ab3cef20}: static Lorg/gradle/internal/build/event/types/DefaultTaskSuccessResult;.<clinit>()V> (0x00000000ab3cef20) 
thrown [s\src\hotspot\share\prims\jni.cpp, line 1108]
Event: 17.067 Thread 0x000001aad03590f0 Exception <a 'java/lang/NoSuchMethodError'{0x00000000ab3d0af0}: static Lorg/gradle/internal/build/event/types/AbstractTaskResult;.<clinit>()V> (0x00000000ab3d0af0) 
thrown [s\src\hotspot\share\prims\jni.cpp, line 1108]
Event: 17.092 Thread 0x000001aad38c8a00 Exception <a 'java/lang/NoSuchMethodError'{0x00000000ab241cb0}: 'int java.lang.invoke.DirectMethodHandle$Holder.invokeSpecial(java.lang.Object, java.lang.Object, java.lang.Object, java.lang.Object, java.lang.Object)'> (0x00000000ab241cb0) 
thrown [s\src\hotspot\share\interpreter\linkResolver.cpp, line 771]
Event: 17.094 Thread 0x000001aad38cd230 Exception <a 'java/lang/NoSuchMethodError'{0x00000000ab2888b0}: static Lcom/android/ide/common/attribution/AndroidGradlePluginAttributionData$BuildInfo;.<clinit>()V> (0x00000000ab2888b0) 
thrown [s\src\hotspot\share\prims\jni.cpp, line 1108]
Event: 17.097 Thread 0x000001aad38cd230 Exception <a 'java/lang/NoSuchMethodError'{0x00000000ab29e540}: static Lcom/android/ide/common/attribution/AndroidGradlePluginAttributionData$JavaInfo;.<clinit>()V> (0x00000000ab29e540) 
thrown [s\src\hotspot\share\prims\jni.cpp, line 1108]
Event: 17.099 Thread 0x000001aad38cd230 Exception <a 'java/lang/NoSuchMethodError'{0x00000000ab2d6920}: static [Ljava/lang/String;.<clinit>()V> (0x00000000ab2d6920) 
thrown [s\src\hotspot\share\prims\jni.cpp, line 1108]
Event: 17.110 Thread 0x000001aad38cd230 Exception <a 'java/lang/NoSuchMethodError'{0x00000000ab2dbe68}: 'void java.lang.invoke.DirectMethodHandle$Holder.invokeSpecial(java.lang.Object, java.lang.Object, java.lang.Object, int)'> (0x00000000ab2dbe68) 
thrown [s\src\hotspot\share\interpreter\linkResolver.cpp, line 771]
Event: 17.122 Thread 0x000001aad03590f0 Exception <a 'java/lang/NoSuchMethodError'{0x00000000ab13ab40}: static Lorg/gradle/internal/build/event/types/DefaultTaskSkippedResult;.<clinit>()V> (0x00000000ab13ab40) 
thrown [s\src\hotspot\share\prims\jni.cpp, line 1108]
Event: 17.514 Thread 0x000001aad38c8a00 Exception <a 'java/lang/NoSuchMethodError'{0x00000000aab90b98}: 'void java.lang.invoke.DirectMethodHandle$Holder.invokeVirtual(java.lang.Object, java.lang.Object)'> (0x00000000aab90b98) 
thrown [s\src\hotspot\share\interpreter\linkResolver.cpp, line 771]
Event: 17.552 Thread 0x000001aad38c8530 Exception <a 'java/lang/NoSuchMethodError'{0x00000000aaaa1500}: 'void java.lang.invoke.DirectMethodHandle$Holder.invokeStatic(java.lang.Object, long)'> (0x00000000aaaa1500) 
thrown [s\src\hotspot\share\interpreter\linkResolver.cpp, line 771]
Event: 17.552 Thread 0x000001aad38c8530 Exception <a 'java/lang/NoSuchMethodError'{0x00000000aaaa6770}: 'java.lang.Object java.lang.invoke.DirectMethodHandle$Holder.newInvokeSpecial(java.lang.Object, long)'> (0x00000000aaaa6770) 
thrown [s\src\hotspot\share\interpreter\linkResolver.cpp, line 771]
Event: 17.554 Thread 0x000001aad38c8530 Exception <a 'java/lang/NoSuchMethodError'{0x00000000aaaad918}: 'java.lang.Object java.lang.invoke.DirectMethodHandle$Holder.invokeStatic(java.lang.Object, java.lang.Object, long, java.lang.Object)'> (0x00000000aaaad918) 
thrown [s\src\hotspot\share\interpreter\linkResolver.cpp, line 771]
Event: 17.559 Thread 0x000001aad38c8530 Exception <a 'java/lang/NoSuchMethodError'{0x00000000aaab1368}: 'java.lang.Object java.lang.invoke.DirectMethodHandle$Holder.invokeStaticInit(java.lang.Object, java.lang.Object, long, java.lang.Object)'> (0x00000000aaab1368) 
thrown [s\src\hotspot\share\interpreter\linkResolver.cpp, line 771]

VM Operations (20 events):
Event: 89.283 Executing VM operation: Cleanup
Event: 89.283 Executing VM operation: Cleanup done
Event: 114.653 Executing VM operation: Cleanup
Event: 114.653 Executing VM operation: Cleanup done
Event: 144.083 Executing VM operation: Cleanup
Event: 144.083 Executing VM operation: Cleanup done
Event: 180.616 Executing VM operation: Cleanup
Event: 180.616 Executing VM operation: Cleanup done
Event: 212.075 Executing VM operation: Cleanup
Event: 212.075 Executing VM operation: Cleanup done
Event: 215.120 Executing VM operation: Cleanup
Event: 215.120 Executing VM operation: Cleanup done
Event: 216.135 Executing VM operation: Cleanup
Event: 216.135 Executing VM operation: Cleanup done
Event: 257.742 Executing VM operation: Cleanup
Event: 257.742 Executing VM operation: Cleanup done
Event: 317.616 Executing VM operation: Cleanup
Event: 317.616 Executing VM operation: Cleanup done
Event: 319.645 Executing VM operation: Cleanup
Event: 319.646 Executing VM operation: Cleanup done

Events (20 events):
Event: 17.121 loading class java/io/ObjectInputStream$FieldValues done
Event: 17.541 Thread 0x000001aad38c8530 Thread added: 0x000001aad38c8530
Event: 17.541 loading class java/lang/ProcessImpl
Event: 17.542 loading class java/lang/ProcessImpl done
Event: 17.553 loading class java/lang/ProcessHandleImpl
Event: 17.553 loading class java/lang/ProcessHandleImpl done
Event: 17.559 loading class java/lang/ProcessImpl$2
Event: 17.559 loading class java/lang/ProcessImpl$2 done
Event: 17.559 loading class java/lang/Process$PipeInputStream
Event: 17.559 loading class java/lang/Process$PipeInputStream done
Event: 17.560 loading class jdk/internal/event/ProcessStartEvent
Event: 17.560 loading class jdk/internal/event/ProcessStartEvent done
Event: 17.567 Thread 0x000001aad38c8ed0 Thread added: 0x000001aad38c8ed0
Event: 17.568 Thread 0x000001aad38cbef0 Thread added: 0x000001aad38cbef0
Event: 17.568 Thread 0x000001aad38c93a0 Thread added: 0x000001aad38c93a0
Event: 17.568 Thread 0x000001aad38cabb0 Thread added: 0x000001aad38cabb0
Event: 17.570 Thread 0x000001aad38c8ed0 Thread exited: 0x000001aad38c8ed0
Event: 17.856 Thread 0x000001aad0448030 Thread exited: 0x000001aad0448030
Event: 62.436 Thread 0x000001aad0356f40 Thread exited: 0x000001aad0356f40
Event: 77.582 Thread 0x000001aad38cbef0 Thread exited: 0x000001aad38cbef0


Dynamic libraries:
0x00007ff6eccb0000 - 0x00007ff6eccba000 	C:\Program Files\Android\Android Studio\jbr\bin\java.exe
0x00007ffde6510000 - 0x00007ffde6708000 	C:\Windows\SYSTEM32\ntdll.dll
0x00007ffde5cd0000 - 0x00007ffde5d8f000 	C:\Windows\System32\KERNEL32.DLL
0x00007ffde3bf0000 - 0x00007ffde3ee6000 	C:\Windows\System32\KERNELBASE.dll
0x00007ffde4470000 - 0x00007ffde4570000 	C:\Windows\System32\ucrtbase.dll
0x00007ffddceb0000 - 0x00007ffddcec7000 	C:\Program Files\Android\Android Studio\jbr\bin\jli.dll
0x00007ffddb1e0000 - 0x00007ffddb1fb000 	C:\Program Files\Android\Android Studio\jbr\bin\VCRUNTIME140.dll
0x00007ffde5890000 - 0x00007ffde5a2d000 	C:\Windows\System32\USER32.dll
0x00007ffdcff10000 - 0x00007ffdd01aa000 	C:\Windows\WinSxS\amd64_microsoft.windows.common-controls_6595b64144ccf1df_6.0.19041.1110_none_60b5254171f9507e\COMCTL32.dll
0x00007ffde4b10000 - 0x00007ffde4bae000 	C:\Windows\System32\msvcrt.dll
0x00007ffde4080000 - 0x00007ffde40a2000 	C:\Windows\System32\win32u.dll
0x00007ffde61f0000 - 0x00007ffde621c000 	C:\Windows\System32\GDI32.dll
0x00007ffde4210000 - 0x00007ffde4325000 	C:\Windows\System32\gdi32full.dll
0x00007ffde43d0000 - 0x00007ffde446d000 	C:\Windows\System32\msvcp_win.dll
0x00007ffde6400000 - 0x00007ffde6430000 	C:\Windows\System32\IMM32.DLL
0x00007ffddcea0000 - 0x00007ffddceac000 	C:\Program Files\Android\Android Studio\jbr\bin\vcruntime140_1.dll
0x00007ffdcf570000 - 0x00007ffdcf5fd000 	C:\Program Files\Android\Android Studio\jbr\bin\msvcp140.dll
0x00007ffd9e2c0000 - 0x00007ffd9ef2d000 	C:\Program Files\Android\Android Studio\jbr\bin\server\jvm.dll
0x00007ffde6140000 - 0x00007ffde61ef000 	C:\Windows\System32\ADVAPI32.dll
0x00007ffde6430000 - 0x00007ffde64cc000 	C:\Windows\System32\sechost.dll
0x00007ffde5660000 - 0x00007ffde5786000 	C:\Windows\System32\RPCRT4.dll
0x00007ffdd0370000 - 0x00007ffdd0397000 	C:\Windows\SYSTEM32\WINMM.dll
0x00007ffdcd7b0000 - 0x00007ffdcd7b9000 	C:\Windows\SYSTEM32\WSOCK32.dll
0x00007ffdd3a20000 - 0x00007ffdd3a2a000 	C:\Windows\SYSTEM32\VERSION.dll
0x00007ffde5d90000 - 0x00007ffde5dfb000 	C:\Windows\System32\WS2_32.dll
0x00007ffde1c90000 - 0x00007ffde1ca2000 	C:\Windows\SYSTEM32\kernel.appcore.dll
0x00007ffdda3a0000 - 0x00007ffdda3aa000 	C:\Program Files\Android\Android Studio\jbr\bin\jimage.dll
0x00007ffddf4c0000 - 0x00007ffddf6a4000 	C:\Windows\SYSTEM32\DBGHELP.DLL
0x00007ffdc88b0000 - 0x00007ffdc88e4000 	C:\Windows\SYSTEM32\dbgcore.DLL
0x00007ffde3ff0000 - 0x00007ffde4072000 	C:\Windows\System32\bcryptPrimitives.dll
0x00007ffdce930000 - 0x00007ffdce955000 	C:\Program Files\Android\Android Studio\jbr\bin\java.dll
0x00007ffdcee00000 - 0x00007ffdcee18000 	C:\Program Files\Android\Android Studio\jbr\bin\zip.dll
0x00007ffde4f10000 - 0x00007ffde5654000 	C:\Windows\System32\SHELL32.dll
0x00007ffde1cb0000 - 0x00007ffde2443000 	C:\Windows\SYSTEM32\windows.storage.dll
0x00007ffde4bb0000 - 0x00007ffde4f04000 	C:\Windows\System32\combase.dll
0x00007ffde35e0000 - 0x00007ffde360e000 	C:\Windows\SYSTEM32\Wldp.dll
0x00007ffde49e0000 - 0x00007ffde4a8d000 	C:\Windows\System32\SHCORE.dll
0x00007ffde6010000 - 0x00007ffde6065000 	C:\Windows\System32\shlwapi.dll
0x00007ffde3b30000 - 0x00007ffde3b4f000 	C:\Windows\SYSTEM32\profapi.dll
0x00007ffdce910000 - 0x00007ffdce929000 	C:\Program Files\Android\Android Studio\jbr\bin\net.dll
0x00007ffdd3c30000 - 0x00007ffdd3d3a000 	C:\Windows\SYSTEM32\WINHTTP.dll
0x00007ffde32d0000 - 0x00007ffde333a000 	C:\Windows\system32\mswsock.dll
0x00007ffdce8f0000 - 0x00007ffdce906000 	C:\Program Files\Android\Android Studio\jbr\bin\nio.dll
0x00007ffdc1710000 - 0x00007ffdc1720000 	C:\Program Files\Android\Android Studio\jbr\bin\verify.dll
0x00007ffddd4a0000 - 0x00007ffddd4c7000 	D:\WeatherAppMVP\native\e1d6ef7f7dcc3fd88c89a11ec53ec762bb8ba0a96d01ffa2cd45eb1d1d8dd5c5\windows-amd64\native-platform.dll
0x00007ffdcf420000 - 0x00007ffdcf564000 	D:\WeatherAppMVP\native\0d407fdbe67a94daf76414ababcb853783967236a71b16ec16e742cd7a986fd3\windows-amd64\native-platform-file-events.dll
0x00007ffdc1780000 - 0x00007ffdc1789000 	C:\Program Files\Android\Android Studio\jbr\bin\management.dll
0x00007ffdc1770000 - 0x00007ffdc177b000 	C:\Program Files\Android\Android Studio\jbr\bin\management_ext.dll
0x00007ffde5790000 - 0x00007ffde5798000 	C:\Windows\System32\PSAPI.DLL
0x00007ffde3530000 - 0x00007ffde3548000 	C:\Windows\SYSTEM32\CRYPTSP.dll
0x00007ffde2bf0000 - 0x00007ffde2c24000 	C:\Windows\system32\rsaenh.dll
0x00007ffde43a0000 - 0x00007ffde43c7000 	C:\Windows\System32\bcrypt.dll
0x00007ffde3ab0000 - 0x00007ffde3ade000 	C:\Windows\SYSTEM32\USERENV.dll
0x00007ffde3550000 - 0x00007ffde355c000 	C:\Windows\SYSTEM32\CRYPTBASE.dll
0x00007ffde2fc0000 - 0x00007ffde2ffc000 	C:\Windows\SYSTEM32\IPHLPAPI.DLL
0x00007ffde6340000 - 0x00007ffde6348000 	C:\Windows\System32\NSI.dll
0x00007ffddad20000 - 0x00007ffddad37000 	C:\Windows\SYSTEM32\dhcpcsvc6.DLL
0x00007ffdda8c0000 - 0x00007ffdda8dd000 	C:\Windows\SYSTEM32\dhcpcsvc.DLL
0x00007ffde3000000 - 0x00007ffde30cb000 	C:\Windows\SYSTEM32\DNSAPI.dll
0x00007ffda5ad0000 - 0x00007ffda5ad7000 	C:\Windows\system32\wshunix.dll

dbghelp: loaded successfully - version: 4.0.5 - missing functions: none
symbol engine: initialized successfully - sym options: 0x614 - pdb path: .;C:\Program Files\Android\Android Studio\jbr\bin;C:\Windows\SYSTEM32;C:\Windows\WinSxS\amd64_microsoft.windows.common-controls_6595b64144ccf1df_6.0.19041.1110_none_60b5254171f9507e;C:\Program Files\Android\Android Studio\jbr\bin\server;D:\WeatherAppMVP\native\e1d6ef7f7dcc3fd88c89a11ec53ec762bb8ba0a96d01ffa2cd45eb1d1d8dd5c5\windows-amd64;D:\WeatherAppMVP\native\0d407fdbe67a94daf76414ababcb853783967236a71b16ec16e742cd7a986fd3\windows-amd64

VM Arguments:
jvm_args: --add-opens=java.base/java.util=ALL-UNNAMED --add-opens=java.base/java.lang=ALL-UNNAMED --add-opens=java.base/java.lang.invoke=ALL-UNNAMED --add-opens=java.base/java.util=ALL-UNNAMED --add-opens=java.prefs/java.util.prefs=ALL-UNNAMED --add-opens=java.prefs/java.util.prefs=ALL-UNNAMED --add-opens=java.base/java.nio.charset=ALL-UNNAMED --add-opens=java.base/java.net=ALL-UNNAMED --add-opens=java.base/java.util.concurrent.atomic=ALL-UNNAMED -Xms128m -Xmx1500m -Dfile.encoding=windows-1252 -Duser.country=US -Duser.language=en -Duser.variant 
java_command: org.gradle.launcher.daemon.bootstrap.GradleDaemon 7.5.1
java_class_path (initial): D:\WeatherAppMVP\wrapper\dists\gradle-7.5.1-bin\7jzzequgds1hbszbhq3npc5ng\gradle-7.5.1\lib\gradle-launcher-7.5.1.jar
Launcher Type: SUN_STANDARD

[Global flags]
     intx CICompilerCount                          = 3                                         {product} {ergonomic}
     uint ConcGCThreads                            = 1                                         {product} {ergonomic}
     uint G1ConcRefinementThreads                  = 4                                         {product} {ergonomic}
   size_t G1HeapRegionSize                         = 1048576                                   {product} {ergonomic}
    uintx GCDrainStackTargetSize                   = 64                                        {product} {ergonomic}
   size_t InitialHeapSize                          = 134217728                                 {product} {command line}
   size_t MarkStackSize                            = 4194304                                   {product} {ergonomic}
   size_t MaxHeapSize                              = 1572864000                                {product} {command line}
   size_t MaxNewSize                               = 943718400                                 {product} {ergonomic}
   size_t MinHeapDeltaBytes                        = 1048576                                   {product} {ergonomic}
   size_t MinHeapSize                              = 134217728                                 {product} {command line}
    uintx NonNMethodCodeHeapSize                   = 5832780                                {pd product} {ergonomic}
    uintx NonProfiledCodeHeapSize                  = 122912730                              {pd product} {ergonomic}
    uintx ProfiledCodeHeapSize                     = 122912730                              {pd product} {ergonomic}
    uintx ReservedCodeCacheSize                    = 251658240                              {pd product} {ergonomic}
     bool SegmentedCodeCache                       = true                                      {product} {ergonomic}
   size_t SoftMaxHeapSize                          = 1572864000                             {manageable} {ergonomic}
     bool UseCompressedClassPointers               = true                           {product lp64_product} {ergonomic}
     bool UseCompressedOops                        = true                           {product lp64_product} {ergonomic}
     bool UseG1GC                                  = true                                      {product} {ergonomic}
     bool UseLargePagesIndividualAllocation        = false                                  {pd product} {ergonomic}

Logging:
Log output configuration:
 #0: stdout all=warning uptime,level,tags
 #1: stderr all=off uptime,level,tags

Environment Variables:
PATH=C:\Program Files (x86)\Common Files\Oracle\Java\javapath;C:\Program Files (x86)\VMware\VMware Workstation\bin\;C:\Windows\system32;C:\Windows;C:\Windows\System32\Wbem;C:\Windows\System32\WindowsPowerShell\v1.0\;C:\Windows\System32\OpenSSH\;C:\Program Files\Git\cmd;C:\Program Files\nodejs\;C:\xampp\php;C:\ProgramData\ComposerSetup\bin;C:\Users\HuuLong\AppData\Local\Microsoft\WindowsApps;C:\Users\HuuLong\AppData\Local\Programs\Microsoft VS Code Insiders\bin;C:\Users\HuuLong\AppData\Local\GitHubDesktop\bin;C:\Users\HuuLong\AppData\Roaming\npm;C:\Users\HuuLong\AppData\Roaming\Composer\vendor\bin;C:\xampp\php\php.exe;
USERNAME=HuuLong
OS=Windows_NT
PROCESSOR_IDENTIFIER=Intel64 Family 6 Model 78 Stepping 3, GenuineIntel
TMP=C:\Users\HuuLong\AppData\Local\Temp
TEMP=C:\Users\HuuLong\AppData\Local\Temp



---------------  S Y S T E M  ---------------

OS:
 Windows 10 , 64 bit Build 19041 (10.0.19041.2913)
OS uptime: 0 days 0:21 hours

CPU: total 4 (initial active 4) (2 cores per cpu, 2 threads per core) family 6 model 78 stepping 3 microcode 0xf0, cx8, cmov, fxsr, ht, mmx, 3dnowpref, sse, sse2, sse3, ssse3, sse4.1, sse4.2, popcnt, lzcnt, tsc, tscinvbit, avx, avx2, aes, erms, clmul, bmi1, bmi2, rtm, adx, fma, vzeroupper, clflush, clflushopt

Memory: 4k page, system-wide physical 16275M (1112M free)
TotalPageFile size 31900M (AvailPageFile size 5M)
current process WorkingSet (physical memory assigned to process): 36M, peak: 397M
current process commit charge ("private bytes"): 381M, peak: 427M

vm_info: OpenJDK 64-Bit Server VM (17.0.6+0-b2043.56-9586694) for windows-amd64 JRE (17.0.6+0-b2043.56-9586694), built on Feb  9 2023 20:06:20 by "androidbuild" with MS VC++ 16.10 / 16.11 (VS2019)

END.
